{"/Users/a.nasstya/Desktop/promises/src/main.js": {"path":"/Users/a.nasstya/Desktop/promises/src/main.js","statementMap":{"0":{"start":{"line":6,"column":4},"end":{"line":12,"column":5}},"1":{"start":{"line":7,"column":23},"end":{"line":7,"column":35}},"2":{"start":{"line":8,"column":21},"end":{"line":8,"column":41}},"3":{"start":{"line":9,"column":6},"end":{"line":9,"column":20}},"4":{"start":{"line":11,"column":6},"end":{"line":11,"column":30}},"5":{"start":{"line":16,"column":15},"end":{"line":16,"column":37}},"6":{"start":{"line":17,"column":0},"end":{"line":21,"column":3}},"7":{"start":{"line":18,"column":2},"end":{"line":18,"column":22}},"8":{"start":{"line":20,"column":2},"end":{"line":20,"column":23}}},"fnMap":{"0":{"name":"(anonymous_0)","decl":{"start":{"line":5,"column":2},"end":{"line":5,"column":3}},"loc":{"start":{"line":5,"column":15},"end":{"line":13,"column":3}},"line":5},"1":{"name":"(anonymous_1)","decl":{"start":{"line":17,"column":19},"end":{"line":17,"column":20}},"loc":{"start":{"line":17,"column":29},"end":{"line":19,"column":1}},"line":17},"2":{"name":"(anonymous_2)","decl":{"start":{"line":19,"column":9},"end":{"line":19,"column":10}},"loc":{"start":{"line":19,"column":18},"end":{"line":21,"column":1}},"line":19}},"branchMap":{},"s":{"0":2,"1":2,"2":2,"3":2,"4":0,"5":1,"6":1,"7":1,"8":0},"f":{"0":2,"1":1,"2":0},"b":{},"_coverageSchema":"1a1c01bbd47fc00a2c39e90264f33305004495a9","hash":"8083c7c106166f3007237e65e9313619a8f62917"}
,"/Users/a.nasstya/Desktop/promises/src/parser.js": {"path":"/Users/a.nasstya/Desktop/promises/src/parser.js","statementMap":{"0":{"start":{"line":2,"column":2},"end":{"line":7,"column":5}},"1":{"start":{"line":4,"column":4},"end":{"line":6,"column":12}},"2":{"start":{"line":5,"column":6},"end":{"line":5,"column":70}}},"fnMap":{"0":{"name":"json","decl":{"start":{"line":1,"column":24},"end":{"line":1,"column":28}},"loc":{"start":{"line":1,"column":35},"end":{"line":8,"column":1}},"line":1},"1":{"name":"(anonymous_1)","decl":{"start":{"line":2,"column":21},"end":{"line":2,"column":22}},"loc":{"start":{"line":2,"column":42},"end":{"line":7,"column":3}},"line":2},"2":{"name":"(anonymous_2)","decl":{"start":{"line":4,"column":15},"end":{"line":4,"column":16}},"loc":{"start":{"line":4,"column":21},"end":{"line":6,"column":5}},"line":4}},"branchMap":{},"s":{"0":2,"1":2,"2":2},"f":{"0":2,"1":2,"2":2},"b":{},"_coverageSchema":"1a1c01bbd47fc00a2c39e90264f33305004495a9","hash":"8ea88935d7cea515ad0f14fc56bd7088af219321"}
,"/Users/a.nasstya/Desktop/promises/src/reader.js": {"path":"/Users/a.nasstya/Desktop/promises/src/reader.js","statementMap":{"0":{"start":{"line":2,"column":2},"end":{"line":15,"column":5}},"1":{"start":{"line":4,"column":4},"end":{"line":14,"column":13}},"2":{"start":{"line":5,"column":19},"end":{"line":5,"column":111}},"3":{"start":{"line":6,"column":6},"end":{"line":13,"column":15}},"4":{"start":{"line":7,"column":23},"end":{"line":7,"column":56}},"5":{"start":{"line":8,"column":27},"end":{"line":8,"column":50}},"6":{"start":{"line":9,"column":8},"end":{"line":11,"column":9}},"7":{"start":{"line":9,"column":21},"end":{"line":9,"column":22}},"8":{"start":{"line":10,"column":10},"end":{"line":10,"column":46}},"9":{"start":{"line":12,"column":8},"end":{"line":12,"column":24}}},"fnMap":{"0":{"name":"read","decl":{"start":{"line":1,"column":24},"end":{"line":1,"column":28}},"loc":{"start":{"line":1,"column":31},"end":{"line":16,"column":1}},"line":1},"1":{"name":"(anonymous_1)","decl":{"start":{"line":2,"column":21},"end":{"line":2,"column":22}},"loc":{"start":{"line":2,"column":42},"end":{"line":15,"column":3}},"line":2},"2":{"name":"(anonymous_2)","decl":{"start":{"line":4,"column":15},"end":{"line":4,"column":16}},"loc":{"start":{"line":4,"column":21},"end":{"line":14,"column":5}},"line":4},"3":{"name":"(anonymous_3)","decl":{"start":{"line":6,"column":14},"end":{"line":6,"column":15}},"loc":{"start":{"line":6,"column":23},"end":{"line":13,"column":7}},"line":6}},"branchMap":{},"s":{"0":2,"1":2,"2":2,"3":2,"4":2,"5":2,"6":2,"7":2,"8":180,"9":2},"f":{"0":2,"1":2,"2":2,"3":2},"b":{},"_coverageSchema":"1a1c01bbd47fc00a2c39e90264f33305004495a9","hash":"91f2018662bf8d48f79b77face0f7ddfef76aee8"}
}
