TN:
SF:src/main.js
FN:5,(anonymous_0)
FN:17,(anonymous_1)
FN:19,(anonymous_2)
FNF:3
FNH:2
FNDA:2,(anonymous_0)
FNDA:1,(anonymous_1)
FNDA:0,(anonymous_2)
DA:6,2
DA:7,2
DA:8,2
DA:9,2
DA:11,0
DA:16,1
DA:17,1
DA:18,1
DA:20,0
LF:9
LH:7
BRF:0
BRH:0
end_of_record
TN:
SF:src/parser.js
FN:1,json
FN:2,(anonymous_1)
FN:4,(anonymous_2)
FNF:3
FNH:3
FNDA:2,json
FNDA:2,(anonymous_1)
FNDA:2,(anonymous_2)
DA:2,2
DA:4,2
DA:5,2
LF:3
LH:3
BRF:0
BRH:0
end_of_record
TN:
SF:src/reader.js
FN:1,read
FN:2,(anonymous_1)
FN:4,(anonymous_2)
FN:6,(anonymous_3)
FNF:4
FNH:4
FNDA:2,read
FNDA:2,(anonymous_1)
FNDA:2,(anonymous_2)
FNDA:2,(anonymous_3)
DA:2,2
DA:4,2
DA:5,2
DA:6,2
DA:7,2
DA:8,2
DA:9,2
DA:10,180
DA:12,2
LF:9
LH:9
BRF:0
BRH:0
end_of_record
